# JRE version: Java(TM) SE Runtime Environment (8.0_112-b15) (build 1.8.0_112-b15)
# Java VM: Java HotSpot(TM) 64-Bit Server VM (25.112-b15 mixed mode windows-amd64 compressed oops)
Heap:
 PSYoungGen      total 59392K, used 23676K [0x00000007bc400000, 0x00000007c0000000, 0x00000007c0000000)
  eden space 57344K, 39% used [0x00000007bc400000,0x00000007bda332c0,0x00000007bfc00000)
  from space 2048K, 46% used [0x00000007bfc00000,0x00000007bfcec010,0x00000007bfe00000)
  to   space 2048K, 0% used [0x00000007bfe00000,0x00000007bfe00000,0x00000007c0000000)
 ParOldGen       total 162304K, used 51169K [0x0000000700000000, 0x0000000709e80000, 0x00000007bc400000)
  object space 162304K, 31% used [0x0000000700000000,0x00000007031f8698,0x0000000709e80000)
 Metaspace       used 72157K, capacity 72863K, committed 73472K, reserved 1112064K
  class space    used 10021K, capacity 10177K, committed 10240K, reserved 1048576K
GC Heap History (10 events):
Event: 12291.162 GC heap before
{Heap before GC invocations=242 (full 45):
 PSYoungGen      total 59904K, used 59120K [0x00000007bc400000, 0x00000007c0000000, 0x00000007c0000000)
  eden space 58368K, 100% used [0x00000007bc400000,0x00000007bfd00000,0x00000007bfd00000)
  from space 1536K, 48% used [0x00000007bfe80000,0x00000007bff3c010,0x00000007c0000000)
  to   space 1536K, 0% used [0x00000007bfd00000,0x00000007bfd00000,0x00000007bfe80000)
 ParOldGen       total 162304K, used 51169K [0x0000000700000000, 0x0000000709e80000, 0x00000007bc400000)
  object space 162304K, 31% used [0x0000000700000000,0x00000007031f8698,0x0000000709e80000)
 Metaspace       used 72097K, capacity 72767K, committed 73472K, reserved 1112064K
  class space    used 10012K, capacity 10145K, committed 10240K, reserved 1048576K
Event: 12291.167 GC heap after
Heap after GC invocations=242 (full 45):
 PSYoungGen      total 59904K, used 1008K [0x00000007bc400000, 0x00000007c0000000, 0x00000007c0000000)
  eden space 58368K, 0% used [0x00000007bc400000,0x00000007bc400000,0x00000007bfd00000)
  from space 1536K, 65% used [0x00000007bfd00000,0x00000007bfdfc010,0x00000007bfe80000)
  to   space 1536K, 0% used [0x00000007bfe80000,0x00000007bfe80000,0x00000007c0000000)
 ParOldGen       total 162304K, used 51169K [0x0000000700000000, 0x0000000709e80000, 0x00000007bc400000)
  object space 162304K, 31% used [0x0000000700000000,0x00000007031f8698,0x0000000709e80000)
 Metaspace       used 72097K, capacity 72767K, committed 73472K, reserved 1112064K
  class space    used 10012K, capacity 10145K, committed 10240K, reserved 1048576K
}
Event: 12291.735 GC heap before
{Heap before GC invocations=243 (full 45):
 PSYoungGen      total 59904K, used 59376K [0x00000007bc400000, 0x00000007c0000000, 0x00000007c0000000)
  eden space 58368K, 100% used [0x00000007bc400000,0x00000007bfd00000,0x00000007bfd00000)
  from space 1536K, 65% used [0x00000007bfd00000,0x00000007bfdfc010,0x00000007bfe80000)
  to   space 1536K, 0% used [0x00000007bfe80000,0x00000007bfe80000,0x00000007c0000000)
 ParOldGen       total 162304K, used 51169K [0x0000000700000000, 0x0000000709e80000, 0x00000007bc400000)
  object space 162304K, 31% used [0x0000000700000000,0x00000007031f8698,0x0000000709e80000)
 Metaspace       used 72100K, capacity 72767K, committed 73472K, reserved 1112064K
  class space    used 10012K, capacity 10145K, committed 10240K, reserved 1048576K
Event: 12291.740 GC heap after
Heap after GC invocations=243 (full 45):
 PSYoungGen      total 59904K, used 1040K [0x00000007bc400000, 0x00000007c0000000, 0x00000007c0000000)
  eden space 58368K, 0% used [0x00000007bc400000,0x00000007bc400000,0x00000007bfd00000)
  from space 1536K, 67% used [0x00000007bfe80000,0x00000007bff84010,0x00000007c0000000)
  to   space 1536K, 0% used [0x00000007bfd00000,0x00000007bfd00000,0x00000007bfe80000)
 ParOldGen       total 162304K, used 51169K [0x0000000700000000, 0x0000000709e80000, 0x00000007bc400000)
  object space 162304K, 31% used [0x0000000700000000,0x00000007031f8698,0x0000000709e80000)
 Metaspace       used 72100K, capacity 72767K, committed 73472K, reserved 1112064K
  class space    used 10012K, capacity 10145K, committed 10240K, reserved 1048576K
}
Event: 12292.491 GC heap before
{Heap before GC invocations=244 (full 45):
 PSYoungGen      total 59904K, used 59408K [0x00000007bc400000, 0x00000007c0000000, 0x00000007c0000000)
  eden space 58368K, 100% used [0x00000007bc400000,0x00000007bfd00000,0x00000007bfd00000)
  from space 1536K, 67% used [0x00000007bfe80000,0x00000007bff84010,0x00000007c0000000)
  to   space 1536K, 0% used [0x00000007bfd00000,0x00000007bfd00000,0x00000007bfe80000)
 ParOldGen       total 162304K, used 51169K [0x0000000700000000, 0x0000000709e80000, 0x00000007bc400000)
  object space 162304K, 31% used [0x0000000700000000,0x00000007031f8698,0x0000000709e80000)
 Metaspace       used 72100K, capacity 72767K, committed 73472K, reserved 1112064K
  class space    used 10012K, capacity 10145K, committed 10240K, reserved 1048576K
Event: 12292.495 GC heap after
Heap after GC invocations=244 (full 45):
 PSYoungGen      total 59392K, used 976K [0x00000007bc400000, 0x00000007c0000000, 0x00000007c0000000)
  eden space 58368K, 0% used [0x00000007bc400000,0x00000007bc400000,0x00000007bfd00000)
  from space 1024K, 95% used [0x00000007bfd00000,0x00000007bfdf4010,0x00000007bfe00000)
  to   space 2048K, 0% used [0x00000007bfe00000,0x00000007bfe00000,0x00000007c0000000)
 ParOldGen       total 162304K, used 51169K [0x0000000700000000, 0x0000000709e80000, 0x00000007bc400000)
  object space 162304K, 31% used [0x0000000700000000,0x00000007031f8698,0x0000000709e80000)
 Metaspace       used 72100K, capacity 72767K, committed 73472K, reserved 1112064K
  class space    used 10012K, capacity 10145K, committed 10240K, reserved 1048576K
}
Event: 12295.022 GC heap before
{Heap before GC invocations=245 (full 45):
 PSYoungGen      total 59392K, used 59344K [0x00000007bc400000, 0x00000007c0000000, 0x00000007c0000000)
  eden space 58368K, 100% used [0x00000007bc400000,0x00000007bfd00000,0x00000007bfd00000)
  from space 1024K, 95% used [0x00000007bfd00000,0x00000007bfdf4010,0x00000007bfe00000)
  to   space 2048K, 0% used [0x00000007bfe00000,0x00000007bfe00000,0x00000007c0000000)
 ParOldGen       total 162304K, used 51169K [0x0000000700000000, 0x0000000709e80000, 0x00000007bc400000)
  object space 162304K, 31% used [0x0000000700000000,0x00000007031f8698,0x0000000709e80000)
 Metaspace       used 72150K, capacity 72863K, committed 73472K, reserved 1112064K
  class space    used 10021K, capacity 10177K, committed 10240K, reserved 1048576K
Event: 12295.035 GC heap after
Heap after GC invocations=245 (full 45):
 PSYoungGen      total 59392K, used 1392K [0x00000007bc400000, 0x00000007c0000000, 0x00000007c0000000)
  eden space 57344K, 0% used [0x00000007bc400000,0x00000007bc400000,0x00000007bfc00000)
  from space 2048K, 67% used [0x00000007bfe00000,0x00000007bff5c010,0x00000007c0000000)
  to   space 2048K, 0% used [0x00000007bfc00000,0x00000007bfc00000,0x00000007bfe00000)
 ParOldGen       total 162304K, used 51169K [0x0000000700000000, 0x0000000709e80000, 0x00000007bc400000)
  object space 162304K, 31% used [0x0000000700000000,0x00000007031f8698,0x0000000709e80000)
 Metaspace       used 72150K, capacity 72863K, committed 73472K, reserved 1112064K
  class space    used 10021K, capacity 10177K, committed 10240K, reserved 1048576K
}
Event: 12295.843 GC heap before
{Heap before GC invocations=246 (full 45):
 PSYoungGen      total 59392K, used 58736K [0x00000007bc400000, 0x00000007c0000000, 0x00000007c0000000)
  eden space 57344K, 100% used [0x00000007bc400000,0x00000007bfc00000,0x00000007bfc00000)
  from space 2048K, 67% used [0x00000007bfe00000,0x00000007bff5c010,0x00000007c0000000)
  to   space 2048K, 0% used [0x00000007bfc00000,0x00000007bfc00000,0x00000007bfe00000)
 ParOldGen       total 162304K, used 51169K [0x0000000700000000, 0x0000000709e80000, 0x00000007bc400000)
  object space 162304K, 31% used [0x0000000700000000,0x00000007031f8698,0x0000000709e80000)
 Metaspace       used 72157K, capacity 72863K, committed 73472K, reserved 1112064K
  class space    used 10021K, capacity 10177K, committed 10240K, reserved 1048576K
Event: 12295.849 GC heap after
Heap after GC invocations=246 (full 45):
 PSYoungGen      total 59392K, used 944K [0x00000007bc400000, 0x00000007c0000000, 0x00000007c0000000)
  eden space 57344K, 0% used [0x00000007bc400000,0x00000007bc400000,0x00000007bfc00000)
  from space 2048K, 46% used [0x00000007bfc00000,0x00000007bfcec010,0x00000007bfe00000)
  to   space 2048K, 0% used [0x00000007bfe00000,0x00000007bfe00000,0x00000007c0000000)
 ParOldGen       total 162304K, used 51169K [0x0000000700000000, 0x0000000709e80000, 0x00000007bc400000)
  object space 162304K, 31% used [0x0000000700000000,0x00000007031f8698,0x0000000709e80000)
 Metaspace       used 72157K, capacity 72863K, committed 73472K, reserved 1112064K
  class space    used 10021K, capacity 10177K, committed 10240K, reserved 1048576K
}

